Started HEAD "/" for 127.0.0.1 at 2018-06-09 18:55:44 +0800
Processing by Rails::WelcomeController#index as HTML
  Rendering /Users/cadisson/.rvm/gems/ruby-2.3.5/gems/railties-5.2.0/lib/rails/templates/rails/welcome/index.html.erb
  Rendered /Users/cadisson/.rvm/gems/ruby-2.3.5/gems/railties-5.2.0/lib/rails/templates/rails/welcome/index.html.erb (5.9ms)
Completed 200 OK in 29ms (Views: 16.1ms | ActiveRecord: 0.0ms)


Started GET "/" for 127.0.0.1 at 2018-06-09 18:55:55 +0800
Processing by Rails::WelcomeController#index as HTML
  Rendering /Users/cadisson/.rvm/gems/ruby-2.3.5/gems/railties-5.2.0/lib/rails/templates/rails/welcome/index.html.erb
  Rendered /Users/cadisson/.rvm/gems/ruby-2.3.5/gems/railties-5.2.0/lib/rails/templates/rails/welcome/index.html.erb (3.6ms)
Completed 200 OK in 12ms (Views: 7.1ms | ActiveRecord: 0.0ms)


Started GET "/" for 127.0.0.1 at 2018-06-09 19:02:13 +0800
Processing by Rails::WelcomeController#index as HTML
  Rendering /Users/cadisson/.rvm/gems/ruby-2.3.5/gems/railties-5.2.0/lib/rails/templates/rails/welcome/index.html.erb
  Rendered /Users/cadisson/.rvm/gems/ruby-2.3.5/gems/railties-5.2.0/lib/rails/templates/rails/welcome/index.html.erb (3.3ms)
Completed 200 OK in 10ms (Views: 6.1ms | ActiveRecord: 0.0ms)


Started GET "/" for 127.0.0.1 at 2018-06-09 19:02:16 +0800
Processing by Rails::WelcomeController#index as HTML
  Rendering /Users/cadisson/.rvm/gems/ruby-2.3.5/gems/railties-5.2.0/lib/rails/templates/rails/welcome/index.html.erb
  Rendered /Users/cadisson/.rvm/gems/ruby-2.3.5/gems/railties-5.2.0/lib/rails/templates/rails/welcome/index.html.erb (2.9ms)
Completed 200 OK in 9ms (Views: 5.8ms | ActiveRecord: 0.0ms)


Started GET "/" for 127.0.0.1 at 2018-06-09 19:02:17 +0800
Processing by Rails::WelcomeController#index as HTML
  Rendering /Users/cadisson/.rvm/gems/ruby-2.3.5/gems/railties-5.2.0/lib/rails/templates/rails/welcome/index.html.erb
  Rendered /Users/cadisson/.rvm/gems/ruby-2.3.5/gems/railties-5.2.0/lib/rails/templates/rails/welcome/index.html.erb (3.4ms)
Completed 200 OK in 11ms (Views: 8.1ms | ActiveRecord: 0.0ms)


Started GET "/" for 127.0.0.1 at 2018-06-09 19:02:18 +0800
Processing by Rails::WelcomeController#index as HTML
  Rendering /Users/cadisson/.rvm/gems/ruby-2.3.5/gems/railties-5.2.0/lib/rails/templates/rails/welcome/index.html.erb
  Rendered /Users/cadisson/.rvm/gems/ruby-2.3.5/gems/railties-5.2.0/lib/rails/templates/rails/welcome/index.html.erb (3.3ms)
Completed 200 OK in 10ms (Views: 6.4ms | ActiveRecord: 0.0ms)


Started GET "/" for 127.0.0.1 at 2018-06-09 19:04:14 +0800
Processing by Rails::WelcomeController#index as HTML
  Rendering /Users/cadisson/.rvm/gems/ruby-2.3.5/gems/railties-5.2.0/lib/rails/templates/rails/welcome/index.html.erb
  Rendered /Users/cadisson/.rvm/gems/ruby-2.3.5/gems/railties-5.2.0/lib/rails/templates/rails/welcome/index.html.erb (2.8ms)
Completed 200 OK in 11ms (Views: 6.1ms | ActiveRecord: 0.0ms)


Started GET "/" for 127.0.0.1 at 2018-06-09 19:04:16 +0800
Processing by Rails::WelcomeController#index as HTML
  Rendering /Users/cadisson/.rvm/gems/ruby-2.3.5/gems/railties-5.2.0/lib/rails/templates/rails/welcome/index.html.erb
  Rendered /Users/cadisson/.rvm/gems/ruby-2.3.5/gems/railties-5.2.0/lib/rails/templates/rails/welcome/index.html.erb (2.8ms)
Completed 200 OK in 10ms (Views: 6.8ms | ActiveRecord: 0.0ms)


Started GET "/" for 127.0.0.1 at 2018-06-09 19:12:42 +0800
Processing by Rails::WelcomeController#index as HTML
  Rendering /Users/cadisson/.rvm/gems/ruby-2.3.5/gems/railties-5.2.0/lib/rails/templates/rails/welcome/index.html.erb
  Rendered /Users/cadisson/.rvm/gems/ruby-2.3.5/gems/railties-5.2.0/lib/rails/templates/rails/welcome/index.html.erb (3.0ms)
Completed 200 OK in 9ms (Views: 6.5ms | ActiveRecord: 0.0ms)


Started GET "/index.html" for 127.0.0.1 at 2018-06-09 19:12:49 +0800
  
ActionController::RoutingError (No route matches [GET] "/index.html"):
  
actionpack (5.2.0) lib/action_dispatch/middleware/debug_exceptions.rb:65:in `call'
web-console (3.6.2) lib/web_console/middleware.rb:135:in `call_app'
web-console (3.6.2) lib/web_console/middleware.rb:30:in `block in call'
web-console (3.6.2) lib/web_console/middleware.rb:20:in `catch'
web-console (3.6.2) lib/web_console/middleware.rb:20:in `call'
actionpack (5.2.0) lib/action_dispatch/middleware/show_exceptions.rb:33:in `call'
railties (5.2.0) lib/rails/rack/logger.rb:38:in `call_app'
railties (5.2.0) lib/rails/rack/logger.rb:26:in `block in call'
activesupport (5.2.0) lib/active_support/tagged_logging.rb:71:in `block in tagged'
activesupport (5.2.0) lib/active_support/tagged_logging.rb:28:in `tagged'
activesupport (5.2.0) lib/active_support/tagged_logging.rb:71:in `tagged'
railties (5.2.0) lib/rails/rack/logger.rb:26:in `call'
sprockets-rails (3.2.1) lib/sprockets/rails/quiet_assets.rb:13:in `call'
actionpack (5.2.0) lib/action_dispatch/middleware/remote_ip.rb:81:in `call'
actionpack (5.2.0) lib/action_dispatch/middleware/request_id.rb:27:in `call'
rack (2.0.5) lib/rack/method_override.rb:22:in `call'
rack (2.0.5) lib/rack/runtime.rb:22:in `call'
activesupport (5.2.0) lib/active_support/cache/strategy/local_cache_middleware.rb:29:in `call'
actionpack (5.2.0) lib/action_dispatch/middleware/executor.rb:14:in `call'
actionpack (5.2.0) lib/action_dispatch/middleware/static.rb:127:in `call'
rack (2.0.5) lib/rack/sendfile.rb:111:in `call'
webpacker (3.5.3) lib/webpacker/dev_server_proxy.rb:22:in `perform_request'
rack-proxy (0.6.4) lib/rack/proxy.rb:57:in `call'
railties (5.2.0) lib/rails/engine.rb:524:in `call'
puma (3.11.4) lib/puma/configuration.rb:225:in `call'
puma (3.11.4) lib/puma/server.rb:632:in `handle_request'
puma (3.11.4) lib/puma/server.rb:446:in `process_client'
puma (3.11.4) lib/puma/server.rb:306:in `block in run'
puma (3.11.4) lib/puma/thread_pool.rb:120:in `block in spawn_thread'
Started GET "/" for 127.0.0.1 at 2018-06-09 19:16:57 +0800
  
NoMethodError (undefined method `root' for main:Object):
  
config/routes.rb:5:in `<main>'
Started GET "/" for 127.0.0.1 at 2018-06-09 19:17:30 +0800
Processing by Rails::WelcomeController#index as HTML
  Rendering /Users/cadisson/.rvm/gems/ruby-2.3.5/gems/railties-5.2.0/lib/rails/templates/rails/welcome/index.html.erb
  Rendered /Users/cadisson/.rvm/gems/ruby-2.3.5/gems/railties-5.2.0/lib/rails/templates/rails/welcome/index.html.erb (3.4ms)
Completed 200 OK in 11ms (Views: 7.0ms | ActiveRecord: 0.0ms)


Started GET "/" for 127.0.0.1 at 2018-06-09 19:17:33 +0800
Processing by Rails::WelcomeController#index as HTML
  Rendering /Users/cadisson/.rvm/gems/ruby-2.3.5/gems/railties-5.2.0/lib/rails/templates/rails/welcome/index.html.erb
  Rendered /Users/cadisson/.rvm/gems/ruby-2.3.5/gems/railties-5.2.0/lib/rails/templates/rails/welcome/index.html.erb (5.8ms)
Completed 200 OK in 19ms (Views: 10.6ms | ActiveRecord: 0.0ms)


Started GET "/" for 127.0.0.1 at 2018-06-09 20:31:07 +0800
  
ActionController::RoutingError (uninitialized constant WelcomController):
  
bootsnap (1.3.0) lib/bootsnap/load_path_cache/core_ext/active_support.rb:53:in `block in load_missing_constant'
bootsnap (1.3.0) lib/bootsnap/load_path_cache/core_ext/active_support.rb:8:in `without_bootsnap_cache'
bootsnap (1.3.0) lib/bootsnap/load_path_cache/core_ext/active_support.rb:53:in `rescue in load_missing_constant'
bootsnap (1.3.0) lib/bootsnap/load_path_cache/core_ext/active_support.rb:43:in `load_missing_constant'
activesupport (5.2.0) lib/active_support/inflector/methods.rb:283:in `const_get'
activesupport (5.2.0) lib/active_support/inflector/methods.rb:283:in `block in constantize'
activesupport (5.2.0) lib/active_support/inflector/methods.rb:281:in `each'
activesupport (5.2.0) lib/active_support/inflector/methods.rb:281:in `inject'
activesupport (5.2.0) lib/active_support/inflector/methods.rb:281:in `constantize'
actionpack (5.2.0) lib/action_dispatch/http/request.rb:88:in `controller_class_for'
actionpack (5.2.0) lib/action_dispatch/http/request.rb:81:in `controller_class'
actionpack (5.2.0) lib/action_dispatch/routing/route_set.rb:46:in `controller'
actionpack (5.2.0) lib/action_dispatch/routing/route_set.rb:32:in `serve'
actionpack (5.2.0) lib/action_dispatch/journey/router.rb:52:in `block in serve'
actionpack (5.2.0) lib/action_dispatch/journey/router.rb:35:in `each'
actionpack (5.2.0) lib/action_dispatch/journey/router.rb:35:in `serve'
actionpack (5.2.0) lib/action_dispatch/routing/route_set.rb:840:in `call'
rack (2.0.5) lib/rack/tempfile_reaper.rb:15:in `call'
rack (2.0.5) lib/rack/etag.rb:25:in `call'
rack (2.0.5) lib/rack/conditional_get.rb:25:in `call'
rack (2.0.5) lib/rack/head.rb:12:in `call'
actionpack (5.2.0) lib/action_dispatch/http/content_security_policy.rb:18:in `call'
rack (2.0.5) lib/rack/session/abstract/id.rb:232:in `context'
rack (2.0.5) lib/rack/session/abstract/id.rb:226:in `call'
actionpack (5.2.0) lib/action_dispatch/middleware/cookies.rb:670:in `call'
activerecord (5.2.0) lib/active_record/migration.rb:559:in `call'
actionpack (5.2.0) lib/action_dispatch/middleware/callbacks.rb:28:in `block in call'
activesupport (5.2.0) lib/active_support/callbacks.rb:98:in `run_callbacks'
actionpack (5.2.0) lib/action_dispatch/middleware/callbacks.rb:26:in `call'
actionpack (5.2.0) lib/action_dispatch/middleware/executor.rb:14:in `call'
actionpack (5.2.0) lib/action_dispatch/middleware/debug_exceptions.rb:61:in `call'
web-console (3.6.2) lib/web_console/middleware.rb:135:in `call_app'
web-console (3.6.2) lib/web_console/middleware.rb:30:in `block in call'
web-console (3.6.2) lib/web_console/middleware.rb:20:in `catch'
web-console (3.6.2) lib/web_console/middleware.rb:20:in `call'
actionpack (5.2.0) lib/action_dispatch/middleware/show_exceptions.rb:33:in `call'
railties (5.2.0) lib/rails/rack/logger.rb:38:in `call_app'
railties (5.2.0) lib/rails/rack/logger.rb:26:in `block in call'
activesupport (5.2.0) lib/active_support/tagged_logging.rb:71:in `block in tagged'
activesupport (5.2.0) lib/active_support/tagged_logging.rb:28:in `tagged'
activesupport (5.2.0) lib/active_support/tagged_logging.rb:71:in `tagged'
railties (5.2.0) lib/rails/rack/logger.rb:26:in `call'
sprockets-rails (3.2.1) lib/sprockets/rails/quiet_assets.rb:13:in `call'
actionpack (5.2.0) lib/action_dispatch/middleware/remote_ip.rb:81:in `call'
actionpack (5.2.0) lib/action_dispatch/middleware/request_id.rb:27:in `call'
rack (2.0.5) lib/rack/method_override.rb:22:in `call'
rack (2.0.5) lib/rack/runtime.rb:22:in `call'
activesupport (5.2.0) lib/active_support/cache/strategy/local_cache_middleware.rb:29:in `call'
actionpack (5.2.0) lib/action_dispatch/middleware/executor.rb:14:in `call'
actionpack (5.2.0) lib/action_dispatch/middleware/static.rb:127:in `call'
rack (2.0.5) lib/rack/sendfile.rb:111:in `call'
webpacker (3.5.3) lib/webpacker/dev_server_proxy.rb:22:in `perform_request'
rack-proxy (0.6.4) lib/rack/proxy.rb:57:in `call'
railties (5.2.0) lib/rails/engine.rb:524:in `call'
puma (3.11.4) lib/puma/configuration.rb:225:in `call'
puma (3.11.4) lib/puma/server.rb:632:in `handle_request'
puma (3.11.4) lib/puma/server.rb:446:in `process_client'
puma (3.11.4) lib/puma/server.rb:306:in `block in run'
puma (3.11.4) lib/puma/thread_pool.rb:120:in `block in spawn_thread'
Started GET "/" for 127.0.0.1 at 2018-06-09 20:31:30 +0800
Processing by WelcomeController#login as HTML
  Rendering welcome/login.html.erb within layouts/application
  Rendered welcome/login.html.erb within layouts/application (8.7ms)
Completed 500 Internal Server Error in 258ms (ActiveRecord: 0.0ms)


  
ActionView::Template::Error (couldn't find file 'hello_vue' with type 'application/javascript'
Checked in these paths: 
  /Users/cadisson/Work/language-learning/ruby/rails/rails-es6/app/assets/config
  /Users/cadisson/Work/language-learning/ruby/rails/rails-es6/app/assets/images
  /Users/cadisson/Work/language-learning/ruby/rails/rails-es6/app/assets/javascripts
  /Users/cadisson/Work/language-learning/ruby/rails/rails-es6/app/assets/stylesheets
  /Users/cadisson/.rvm/gems/ruby-2.3.5/gems/actioncable-5.2.0/lib/assets/compiled
  /Users/cadisson/.rvm/gems/ruby-2.3.5/gems/activestorage-5.2.0/app/assets/javascripts
  /Users/cadisson/.rvm/gems/ruby-2.3.5/gems/actionview-5.2.0/lib/assets/compiled
  /Users/cadisson/.rvm/gems/ruby-2.3.5/gems/turbolinks-source-5.1.0/lib/assets/javascripts
  /Users/cadisson/Work/language-learning/ruby/rails/rails-es6/node_modules):
     5:     <%= csrf_meta_tags %>
     6:     <%= csp_meta_tag %>
     7: 
     8:     <!--<%= stylesheet_link_tag    'application', media: 'all', 'data-turbolinks-track': 'reload' %>
     9:     <%= javascript_include_tag 'application', 'data-turbolinks-track': 'reload' %>-->
    10:     <%= stylesheet_pack_tag "hello_vue" %>
    11:     <%= javascript_pack_tag  "hello_vue" %>
  
app/assets/javascripts/application.js:17
app/views/layouts/application.html.erb:8:in `_app_views_layouts_application_html_erb__880250117804921663_70252980537520'
Started GET "/" for 127.0.0.1 at 2018-06-09 20:34:59 +0800
Processing by WelcomeController#login as HTML
  Rendering welcome/login.html.erb within layouts/application
  Rendered welcome/login.html.erb within layouts/application (18.5ms)
Completed 500 Internal Server Error in 31ms (ActiveRecord: 0.0ms)


  
ActionView::Template::Error (couldn't find file 'hello_vue' with type 'application/javascript'
Checked in these paths: 
  /Users/cadisson/Work/language-learning/ruby/rails/rails-es6/app/assets/config
  /Users/cadisson/Work/language-learning/ruby/rails/rails-es6/app/assets/images
  /Users/cadisson/Work/language-learning/ruby/rails/rails-es6/app/assets/javascripts
  /Users/cadisson/Work/language-learning/ruby/rails/rails-es6/app/assets/stylesheets
  /Users/cadisson/.rvm/gems/ruby-2.3.5/gems/actioncable-5.2.0/lib/assets/compiled
  /Users/cadisson/.rvm/gems/ruby-2.3.5/gems/activestorage-5.2.0/app/assets/javascripts
  /Users/cadisson/.rvm/gems/ruby-2.3.5/gems/actionview-5.2.0/lib/assets/compiled
  /Users/cadisson/.rvm/gems/ruby-2.3.5/gems/turbolinks-source-5.1.0/lib/assets/javascripts
  /Users/cadisson/Work/language-learning/ruby/rails/rails-es6/node_modules):
    4:     <%= csrf_meta_tags %>
    5:     <%= csp_meta_tag %>
    6: 
    7:     <%= stylesheet_link_tag    'application', media: 'all', 'data-turbolinks-track': 'reload' %>
    8:     <%= javascript_include_tag 'application', 'data-turbolinks-track': 'reload' %>
    9:   </head>
   10: 
  
app/assets/javascripts/application.js:17
app/views/welcome/login.html.erb:7:in `_app_views_welcome_login_html_erb__4585556666218914945_70252991270000'
Started GET "/" for 127.0.0.1 at 2018-06-09 20:35:02 +0800
Processing by WelcomeController#login as HTML
  Rendering welcome/login.html.erb within layouts/application
  Rendered welcome/login.html.erb within layouts/application (16.6ms)
Completed 500 Internal Server Error in 26ms (ActiveRecord: 0.0ms)


  
ActionView::Template::Error (couldn't find file 'hello_vue' with type 'application/javascript'
Checked in these paths: 
  /Users/cadisson/Work/language-learning/ruby/rails/rails-es6/app/assets/config
  /Users/cadisson/Work/language-learning/ruby/rails/rails-es6/app/assets/images
  /Users/cadisson/Work/language-learning/ruby/rails/rails-es6/app/assets/javascripts
  /Users/cadisson/Work/language-learning/ruby/rails/rails-es6/app/assets/stylesheets
  /Users/cadisson/.rvm/gems/ruby-2.3.5/gems/actioncable-5.2.0/lib/assets/compiled
  /Users/cadisson/.rvm/gems/ruby-2.3.5/gems/activestorage-5.2.0/app/assets/javascripts
  /Users/cadisson/.rvm/gems/ruby-2.3.5/gems/actionview-5.2.0/lib/assets/compiled
  /Users/cadisson/.rvm/gems/ruby-2.3.5/gems/turbolinks-source-5.1.0/lib/assets/javascripts
  /Users/cadisson/Work/language-learning/ruby/rails/rails-es6/node_modules):
    4:     <%= csrf_meta_tags %>
    5:     <%= csp_meta_tag %>
    6: 
    7:     <%= stylesheet_link_tag    'application', media: 'all', 'data-turbolinks-track': 'reload' %>
    8:     <%= javascript_include_tag 'application', 'data-turbolinks-track': 'reload' %>
    9:   </head>
   10: 
  
app/assets/javascripts/application.js:17
app/views/welcome/login.html.erb:7:in `_app_views_welcome_login_html_erb__4585556666218914945_70253015995180'
Started GET "/" for 127.0.0.1 at 2018-06-09 20:36:54 +0800
Processing by WelcomeController#login as HTML
  Rendering welcome/login.html.erb within layouts/application
  Rendered welcome/login.html.erb within layouts/application (0.4ms)
Completed 200 OK in 1438ms (Views: 1432.5ms | ActiveRecord: 0.0ms)


Started GET "/" for 127.0.0.1 at 2018-06-09 20:37:59 +0800
Processing by WelcomeController#login as HTML
  Rendering welcome/login.html.erb within layouts/application
  Rendered welcome/login.html.erb within layouts/application (0.4ms)
Completed 200 OK in 37ms (Views: 34.2ms | ActiveRecord: 0.0ms)


Started GET "/" for 127.0.0.1 at 2018-06-09 20:38:38 +0800
Processing by WelcomeController#login as HTML
  Rendering welcome/login.html.erb within layouts/application
  Rendered welcome/login.html.erb within layouts/application (0.5ms)
Completed 200 OK in 48ms (Views: 41.5ms | ActiveRecord: 0.0ms)


Started GET "/" for 127.0.0.1 at 2018-06-09 20:38:46 +0800
Processing by WelcomeController#login as HTML
  Rendering welcome/login.html.erb within layouts/application
  Rendered welcome/login.html.erb within layouts/application (0.5ms)
Completed 200 OK in 32ms (Views: 29.1ms | ActiveRecord: 0.0ms)


Started GET "/" for 127.0.0.1 at 2018-06-09 20:38:48 +0800
Processing by WelcomeController#login as HTML
  Rendering welcome/login.html.erb within layouts/application
  Rendered welcome/login.html.erb within layouts/application (0.9ms)
Completed 200 OK in 40ms (Views: 36.9ms | ActiveRecord: 0.0ms)


Started GET "/" for 127.0.0.1 at 2018-06-09 20:38:57 +0800
Processing by WelcomeController#login as HTML
  Rendering welcome/login.html.erb within layouts/application
  Rendered welcome/login.html.erb within layouts/application (0.6ms)
Completed 200 OK in 45ms (Views: 39.8ms | ActiveRecord: 0.0ms)


Started GET "/" for 127.0.0.1 at 2018-06-09 20:39:00 +0800
Processing by WelcomeController#login as HTML
  Rendering welcome/login.html.erb within layouts/application
  Rendered welcome/login.html.erb within layouts/application (0.5ms)
Completed 200 OK in 41ms (Views: 36.8ms | ActiveRecord: 0.0ms)


Started GET "/" for 127.0.0.1 at 2018-06-09 20:39:02 +0800
Processing by WelcomeController#login as HTML
  Rendering welcome/login.html.erb within layouts/application
  Rendered welcome/login.html.erb within layouts/application (0.4ms)
Completed 200 OK in 36ms (Views: 33.3ms | ActiveRecord: 0.0ms)


Started GET "/" for 127.0.0.1 at 2018-06-09 20:39:37 +0800
Processing by WelcomeController#login as HTML
  Rendering welcome/login.html.erb within layouts/application
  Rendered welcome/login.html.erb within layouts/application (1.4ms)
Completed 200 OK in 1619ms (Views: 1607.3ms | ActiveRecord: 0.0ms)


Started GET "/" for 127.0.0.1 at 2018-06-09 20:42:07 +0800
Processing by WelcomeController#login as HTML
  Rendering welcome/login.html.erb within layouts/application
  Rendered welcome/login.html.erb within layouts/application (0.5ms)
Completed 200 OK in 55ms (Views: 49.0ms | ActiveRecord: 0.0ms)


Started GET "/" for 127.0.0.1 at 2018-06-09 20:47:13 +0800
Processing by WelcomeController#login as HTML
  Rendering welcome/login.html.erb within layouts/application
  Rendered welcome/login.html.erb within layouts/application (6.0ms)
Completed 200 OK in 18ms (Views: 13.2ms | ActiveRecord: 0.0ms)


Started GET "/" for 127.0.0.1 at 2018-06-09 20:51:50 +0800
Processing by WelcomeController#login as HTML
  Rendering welcome/login.html.erb within layouts/application
  Rendered welcome/login.html.erb within layouts/application (6.3ms)
Completed 200 OK in 18ms (Views: 14.5ms | ActiveRecord: 0.0ms)


Started GET "/" for 127.0.0.1 at 2018-06-09 21:35:43 +0800
Processing by WelcomeController#login as HTML
  Rendering welcome/login.html.erb within layouts/application
  Rendered welcome/login.html.erb within layouts/application (9.7ms)
Completed 200 OK in 54ms (Views: 35.0ms | ActiveRecord: 0.0ms)


Started GET "/" for 127.0.0.1 at 2018-06-09 21:36:39 +0800
Processing by WelcomeController#login as HTML
  Rendering welcome/login.html.erb within layouts/application
  Rendered welcome/login.html.erb within layouts/application (9.2ms)
Completed 200 OK in 37ms (Views: 22.6ms | ActiveRecord: 0.0ms)


